<?xml version="1.0" encoding="UTF-8"?>
<!-- Generated by org.testng.reporters.JUnitReportReporter -->
<testsuite skipped="0" hostname="FalaqUmarAkbars-MacBook-Air.local" name="TestJunit2" tests="1" failures="0" timestamp="2019-12-01T20:22:37 CST" time="5.709" errors="0">
  <testcase name="validAllBoxChecked" time="5.709" classname="TestJunit2"/>
</testsuite> <!-- TestJunit2 -->
