<?xml version="1.0" encoding="UTF-8"?>
<!-- Generated by org.testng.reporters.JUnitReportReporter -->
<testsuite skipped="0" hostname="FalaqUmarAkbars-MacBook-Air.local" name="TestJunit3" tests="1" failures="0" timestamp="2019-12-01T20:24:53 CST" time="5.115" errors="0">
  <testcase name="validAllBoxChecked" time="5.115" classname="TestJunit3"/>
</testsuite> <!-- TestJunit3 -->
